"../../../Engine/Content/Functions/Engine_MaterialFunctions02/Utility/BlendAngleCorrectedNormals.uasset" 0
"../../../Immaterial170/Content/StarterContent/Textures/T_Perlin_Noise_M.uasset" 1
"../../../Immaterial170/Content/StarterContent/Textures/T_Water_M.uasset" 2
"../../../Immaterial170/Content/StarterContent/Textures/T_Water_N.uasset" 3
"../../../Immaterial170/Content/StarterContent/Materials/M_Water_Ocean.uasset" 4
"../../../Engine/Content/ArtTools/RenderToTexture/Enums/RenderToTexture_Enum.uasset" 5
"../../../Engine/Content/ArtTools/RenderToTexture/Enums/RenderToTexture_Flipbook_Enum.uasset" 6
"../../../Engine/Content/ArtTools/RenderToTexture/Enums/RenderToTexture_Imposter_Enum.uasset" 7
"../../../Engine/Content/EditorBlueprintResources/StandardMacros.uasset" 8
"../../../Engine/Content/ArtTools/RenderToTexture/Enums/EIntTypes.uasset" 9
"../../../Engine/Content/ArtTools/RenderToTexture/Macros/RenderToTextureFunctionLibrary.uasset" 10
"../../../Engine/Content/ArtTools/RenderToTexture/Enums/EFloatTypes.uasset" 11
"../../../Engine/Content/ArtTools/RenderToTexture/Macros/RenderToTextureMacros.uasset" 12
"../../../Engine/Content/Functions/Engine_MaterialFunctions01/Opacity/CameraDepthFade.uasset" 13
"../../../Engine/Content/EngineMaterials/T_Default_Material_Grid_M.uasset" 14
"../../../Engine/Content/EngineMaterials/T_Default_Material_Grid_N.uasset" 15
"../../../Engine/Content/EngineMaterials/WorldGridMaterial.uasset" 16
"../../../Engine/Content/ArtTools/RenderToTexture/Meshes/S_1_Unit_Plane.uasset" 17
"../../../Engine/Content/EngineMaterials/DefaultMaterial.uasset" 18
"../../../Engine/Content/BasicShapes/Cone.uasset" 19
"../../../Engine/Content/BasicShapes/Sphere.uasset" 20
"../../../Engine/Content/EngineMaterials/DefaultPhysicalMaterial.uasset" 21
"../../../Engine/Content/BufferVisualization/AmbientOcclusion.uasset" 22
"../../../Engine/Content/BufferVisualization/BaseColor.uasset" 23
"../../../Engine/Content/BufferVisualization/CustomDepth.uasset" 24
"../../../Engine/Content/Functions/Engine_MaterialFunctions02/Utility/VectorLength.uasset" 25
"../../../Engine/Content/BufferVisualization/CustomDepthWorldUnits.uasset" 26
"../../../Engine/Content/Functions/Engine_MaterialFunctions02/Utility/BreakOutFloat2Components.uasset" 27
"../../../Engine/Content/Functions/Engine_MaterialFunctions01/Texturing/ScaleUVsByCenter.uasset" 28
"../../../Engine/Content/Functions/Engine_MaterialFunctions02/ScreenResolution.uasset" 29
"../../../Engine/Content/Functions/Engine_MaterialFunctions02/Texturing/ScreenAlignedUVs.uasset" 30
"../../../Engine/Content/Functions/Engine_MaterialFunctions02/Utility/MakeFloat2.uasset" 31
"../../../Engine/Content/Functions/Engine_MaterialFunctions02/Utility/MakeFloat3.uasset" 32
"../../../Engine/Content/EngineMaterials/MiniFont.uasset" 33
"../../../Engine/Content/BufferVisualization/CustomStencil.uasset" 34
"../../../Engine/Content/BufferVisualization/FinalImage.uasset" 35
"../../../Engine/Content/BufferVisualization/LightingModel.uasset" 36
"../../../Engine/Content/BufferVisualization/MaterialAO.uasset" 37
"../../../Engine/Content/BufferVisualization/Metallic.uasset" 38
"../../../Engine/Content/BufferVisualization/Opacity.uasset" 39
"../../../Engine/Content/BufferVisualization/PostTonemapHDRColor.uasset" 40
"../../../Engine/Content/BufferVisualization/PreTonemapHDRColor.uasset" 41
"../../../Engine/Content/BufferVisualization/Roughness.uasset" 42
"../../../Engine/Content/BufferVisualization/SceneColor.uasset" 43
"../../../Engine/Content/BufferVisualization/SceneDepth.uasset" 44
"../../../Engine/Content/BufferVisualization/SceneDepthWorldUnits.uasset" 45
"../../../Engine/Content/BufferVisualization/SeparateTranslucencyA.uasset" 46
"../../../Engine/Content/BufferVisualization/SeparateTranslucencyRGB.uasset" 47
"../../../Engine/Content/BufferVisualization/Specular.uasset" 48
"../../../Engine/Content/BufferVisualization/SubsurfaceColor.uasset" 49
"../../../Engine/Content/BufferVisualization/WorldNormal.uasset" 50
"../../../Engine/Content/EditorBlueprintResources/ActorMacros.uasset" 51
"../../../Engine/Content/EditorLandscapeResources/DataLayer.uasset" 52
"../../../Engine/Content/EditorLandscapeResources/DefaultAlphaTexture.uasset" 53
"../../../Engine/Content/EditorLandscapeResources/LandscapeGizmoHeight_Mat.uasset" 54
"../../../Engine/Content/EditorLandscapeResources/LandscapeGizmo_Mat.uasset" 55
"../../../Engine/Content/EditorLandscapeResources/LandscapeGizmo_Mat_Copied.uasset" 56
"../../../Engine/Content/EditorLandscapeResources/SplineEditorMeshMat.uasset" 57
"../../../Engine/Content/EditorLandscapeResources/SplineEditorMesh.uasset" 58
"../../../Engine/Content/EditorMaterials/Cross.uasset" 59
"../../../Engine/Content/EditorMaterials/Cross_Mat.uasset" 60
"../../../Engine/Content/EditorMaterials/GizmoMaterial.uasset" 61
"../../../Engine/Content/Functions/Engine_MaterialFunctions02/Utility/Sign.uasset" 62
"../../../Engine/Content/Functions/Engine_MaterialFunctions02/Utility/Round.uasset" 63
"../../../Engine/Content/Functions/Engine_MaterialFunctions02/ExampleContent/Textures/flipbook.uasset" 64
"../../../Engine/Content/Functions/Engine_MaterialFunctions02/Texturing/FlipBook.uasset" 65
"../../../Engine/Content/EditorResources/T_EditorHelp.uasset" 66
"../../../Engine/Content/EditorMaterials/HelpActorMaterial.uasset" 67
"../../../Engine/Content/EditorMaterials/CompositeARGBLayer.uasset" 68
"../../../Engine/Content/EditorMaterials/TilingAALineIntegral.uasset" 69
"../../../Engine/Content/EditorMaterials/TilingAALineBoxFiltered.uasset" 70
"../../../Engine/Content/Functions/Engine_MaterialFunctions03/Procedurals/ComputeFilterWidth.uasset" 71
"../../../Engine/Content/EditorMaterials/TilingAADots.uasset" 72
"../../../Engine/Content/EditorMaterials/Cascade/CASC_Cross.uasset" 73
"../../../Engine/Content/EditorMaterials/Cascade/CASC_None.uasset" 74
"../../../Engine/Content/Functions/Engine_MaterialFunctions03/Blends/Blend_Screen.uasset" 75
"../../../Engine/Content/EditorMaterials/TilingAAGrid.uasset" 76
"../../../Engine/Content/EditorMaterials/LevelGridMaterial.uasset" 77
"../../../Engine/Content/EditorMaterials/MakeCompositeARGBLayer.uasset" 78
"../../../Engine/Content/EditorResources/LevelGrid1DStripes.uasset" 79
"../../../Engine/Content/EditorMaterials/TextureGridCascaded1D.uasset" 80
"../../../Engine/Content/EditorMaterials/TextureGridCascaded2D.uasset" 81
"../../../Engine/Content/EditorMaterials/LevelGridMaterial2.uasset" 82
"../../../Engine/Content/EditorMaterials/MAT_Groups_Toggle.uasset" 83
"../../../Engine/Content/EditorMaterials/MAT_Groups_Visibility.uasset" 84
"../../../Engine/Content/EditorMaterials/AntialiasedGridFloor.uasset" 85
"../../../Engine/Content/EditorResources/TilePatine_D.uasset" 86
"../../../Engine/Content/EditorResources/TilePatine_N.uasset" 87
"../../../Engine/Content/EngineMaterials/Grid.uasset" 88
"../../../Engine/Content/EditorMaterials/PersonaFloorMat.uasset" 89
"../../../Engine/Content/EditorMaterials/PhAT_BoneSelectedMaterial.uasset" 90
"../../../Engine/Content/EditorMaterials/PhAT_ElemSelectedMaterial.uasset" 91
"../../../Engine/Content/EditorMaterials/PhAT_NoCollisionMaterial.uasset" 92
"../../../Engine/Content/EditorMaterials/PhAT_UnselectedMaterial.uasset" 93
"../../../Engine/Content/EditorMaterials/PreviewShadowIndicator.uasset" 94
"../../../Engine/Content/EditorMaterials/PreviewShadowIndicatorMaterial.uasset" 95
"../../../Engine/Content/EditorMaterials/TargetIcon.uasset" 96
"../../../Engine/Content/EditorMaterials/Tick.uasset" 97
"../../../Engine/Content/EditorMaterials/Tick_Mat.uasset" 98
"../../../Engine/Content/EditorMaterials/WidgetGridVertexColorMaterial.uasset" 99
"../../../Engine/Content/EditorMaterials/WidgetGridVertexColorMaterial_Ma.uasset" 100
"../../../Engine/Content/EditorMaterials/WidgetMaterial.uasset" 101
"../../../Engine/Content/EditorMaterials/WidgetMaterial_Current.uasset" 102
"../../../Engine/Content/EditorMaterials/WidgetMaterial_X.uasset" 103
"../../../Engine/Content/EditorMaterials/WidgetMaterial_Y.uasset" 104
"../../../Engine/Content/EditorMaterials/WidgetMaterial_Z.uasset" 105
"../../../Engine/Content/EditorMaterials/WidgetVertexColorMaterial.uasset" 106
"../../../Engine/Content/EditorMaterials/AssetViewer/EpicQuadPanorama_CC+EV1.uasset" 107
"../../../Engine/Content/EditorMaterials/MatineeGroups/MAT_ColorTrack.uasset" 108
"../../../Engine/Content/EditorMaterials/MatineeGroups/MAT_Groups_Anim.uasset" 109
"../../../Engine/Content/EditorMaterials/MatineeGroups/MAT_Groups_AudioMaster.uasset" 110
"../../../Engine/Content/EditorMaterials/MatineeGroups/MAT_Groups_Director.uasset" 111
"../../../Engine/Content/EditorMaterials/MatineeGroups/MAT_Groups_Event.uasset" 112
"../../../Engine/Content/EditorMaterials/MatineeGroups/MAT_Groups_Fade.uasset" 113
"../../../Engine/Content/EditorMaterials/MatineeGroups/MAT_Groups_Float.uasset" 114
"../../../Engine/Content/EditorMaterials/MatineeGroups/MAT_Groups_Move.uasset" 115
"../../../Engine/Content/EditorMaterials/MatineeGroups/MAT_Groups_Slomo.uasset" 116
"../../../Engine/Content/EditorMaterials/MatineeGroups/MAT_Groups_Sound.uasset" 117
"../../../Engine/Content/EditorMaterials/MatineeGroups/MAT_Groups_Vector.uasset" 118
"../../../Engine/Content/EditorMaterials/ParticleSystems/PSysThumbnail_NoImage.uasset" 119
"../../../Engine/Content/EditorMaterials/ParticleSystems/PSysThumbnail_OOD.uasset" 120
"../../../Engine/Content/EditorMaterials/Thumbnails/FloorPlaneMaterial.uasset" 121
"../../../Engine/Content/EditorMeshes/EditorCylinder.uasset" 122
"../../../Engine/Content/EditorMeshes/EditorPlane.uasset" 123
"../../../Engine/Content/EditorMaterials/Thumbnails/SkySphereMaterial.uasset" 124
"../../../Engine/Content/EditorMeshes/EditorSkySphere.uasset" 125
"../../../Engine/Content/EditorMeshes/EditorSphere.uasset" 126
"../../../Engine/Content/EditorResources/MatineeCam_D.uasset" 127
"../../../Engine/Content/EditorMaterials/MatineeCam_mat.uasset" 128
"../../../Engine/Content/EditorMeshes/MatineeCam_SM.uasset" 129
"../../../Engine/Content/Functions/Engine_MaterialFunctions01/Shading/ConvertFromDiffSpec.uasset" 130
"../../../Engine/Content/EditorMaterials/GridMaterial.uasset" 131
"../../../Engine/Content/EditorMeshes/PhAT_FloorBox.uasset" 132
"../../../Engine/Content/EditorMaterials/Camera/CineMat.uasset" 133
"../../../Engine/Content/EditorMaterials/Camera/MI_CineMat_CameraBody.uasset" 134
"../../../Engine/Content/EngineDebugMaterials/M_SimpleOpaque.uasset" 135
"../../../Engine/Content/EditorMaterials/Camera/MI_CineMat_CamViewFinder.uasset" 136
"../../../Engine/Content/EditorMeshes/Camera/SM_CineCam.uasset" 137
"../../../Engine/Content/EditorMaterials/Camera/MI_CineMat_Rig.uasset" 138
"../../../Engine/Content/EditorMeshes/Camera/SM_CraneRig_Arm.uasset" 139
"../../../Engine/Content/EditorMeshes/Camera/SM_CraneRig_Base.uasset" 140
"../../../Engine/Content/EditorMeshes/Camera/SM_CraneRig_Body.uasset" 141
"../../../Engine/Content/EditorMeshes/Camera/SM_CraneRig_Mount.uasset" 142
"../../../Engine/Content/EditorMeshes/Camera/SM_RailRig_Mount.uasset" 143
"../../../Engine/Content/EditorMeshes/Camera/SM_RailRig_Track.uasset" 144
"../../../Engine/Content/EditorResources/Bad.uasset" 145
"../../../Engine/Content/EditorResources/BSPVertex.uasset" 146
"../../../Engine/Content/EditorResources/EmptyActor.uasset" 147
"../../../Engine/Content/EditorResources/MatInstActSprite.uasset" 148
"../../../Engine/Content/EditorResources/RGBTable16x1_AssetViewer.uasset" 149
"../../../Engine/Content/EditorResources/SceneManager.uasset" 150
"../../../Engine/Content/EditorResources/SmallFont.uasset" 151
"../../../Engine/Content/EditorResources/S_Actor.uasset" 152
"../../../Engine/Content/EditorResources/S_DecalActorIcon.uasset" 153
"../../../Engine/Content/EditorResources/S_Emitter.uasset" 154
"../../../Engine/Content/EditorResources/S_ExpoHeightFog.uasset" 155
"../../../Engine/Content/EditorResources/S_FTest.uasset" 156
"../../../Engine/Content/EditorResources/S_KBSJoint.uasset" 157
"../../../Engine/Content/EditorResources/S_KHinge.uasset" 158
"../../../Engine/Content/EditorResources/S_KPrismatic.uasset" 159
"../../../Engine/Content/EditorResources/S_LevelSequence.uasset" 160
"../../../Engine/Content/EditorResources/S_NavP.uasset" 161
"../../../Engine/Content/EditorResources/S_Note.uasset" 162
"../../../Engine/Content/EditorResources/S_Player.uasset" 163
"../../../Engine/Content/EditorResources/S_PortalActorIcon2.uasset" 164
"../../../Engine/Content/EditorResources/S_RadForce.uasset" 165
"../../../Engine/Content/EditorResources/S_ReflActorIcon.uasset" 166
"../../../Engine/Content/EditorResources/S_Terrain.uasset" 167
"../../../Engine/Content/EditorResources/S_TextRenderActorIcon.uasset" 168
"../../../Engine/Content/EditorResources/S_Thruster.uasset" 169
"../../../Engine/Content/EditorResources/S_Trigger.uasset" 170
"../../../Engine/Content/EditorResources/S_VectorFieldVol.uasset" 171
"../../../Engine/Content/EditorResources/S_WindDirectional.uasset" 172
"../../../Engine/Content/EditorResources/AI/S_NavLink.uasset" 173
"../../../Engine/Content/EditorResources/AudioIcons/S_AudioComponent.uasset" 174
"../../../Engine/Content/EditorResources/AudioIcons/S_AudioComponent_AutoActivate.uasset" 175
"../../../Engine/Content/EditorResources/LightIcons/SkyLight.uasset" 176
"../../../Engine/Content/EditorResources/LightIcons/S_LightDirectional.uasset" 177
"../../../Engine/Content/EditorResources/LightIcons/S_LightDirectionalMove.uasset" 178
"../../../Engine/Content/EditorResources/LightIcons/S_LightError.uasset" 179
"../../../Engine/Content/EditorResources/LightIcons/S_LightPoint.uasset" 180
"../../../Engine/Content/EditorResources/LightIcons/S_LightPointMove.uasset" 181
"../../../Engine/Content/EditorResources/LightIcons/S_LightSpot.uasset" 182
"../../../Engine/Content/EditorResources/LightIcons/S_LightSpotMove.uasset" 183
"../../../Engine/Content/EditorResources/SequenceRecorder/Countdown.uasset" 184
"../../../Engine/Content/EditorResources/SequenceRecorder/RecordingIndicator.uasset" 185
"../../../Engine/Content/EditorResources/Spline/T_Loft_Spline.uasset" 186
"../../../Engine/Content/EditorSounds/GamePreview/EndPlayInEditor.uasset" 187
"../../../Engine/Content/EditorSounds/GamePreview/EndPlayInEditor_Cue.uasset" 188
"../../../Engine/Content/EditorSounds/GamePreview/StartPlayInEditor.uasset" 189
"../../../Engine/Content/EditorSounds/GamePreview/StartPlayInEditor_Cue.uasset" 190
"../../../Engine/Content/EditorSounds/Notifications/CompileFailed.uasset" 191
"../../../Engine/Content/EditorSounds/Notifications/CompileFailed_Cue.uasset" 192
"../../../Engine/Content/EditorSounds/Notifications/CompileSuccess.uasset" 193
"../../../Engine/Content/EditorSounds/Notifications/CompileStart_Cue.uasset" 194
"../../../Engine/Content/EditorSounds/Notifications/CompileSuccess_Cue.uasset" 195
"../../../Engine/Content/EngineDamageTypes/DmgTypeBP_Environmental.uasset" 196
"../../../Engine/Content/EngineDebugMaterials/HeatmapGradient.uasset" 197
"../../../Engine/Content/EngineDebugMaterials/BoneWeightMaterial.uasset" 198
"../../../Engine/Content/EngineDebugMaterials/DebugMeshMaterial.uasset" 199
"../../../Engine/Content/EngineDebugMaterials/GeomMaterial.uasset" 200
"../../../Engine/Content/EngineDebugMaterials/LevelColorationLitMaterial.uasset" 201
"../../../Engine/Content/EngineDebugMaterials/LevelColorationUnlitMaterial.uasset" 202
"../../../Engine/Content/EngineMaterials/DefaultWhiteGrid.uasset" 203
"../../../Engine/Content/EngineDebugMaterials/MAT_LevelColorationLitLightmapUV.uasset" 204
"../../../Engine/Content/EngineDebugMaterials/M_SimpleTranslucent.uasset" 205
"../../../Engine/Content/EngineDebugMaterials/ShadedLevelColorationLitMaterial.uasset" 206
"../../../Engine/Content/EngineDebugMaterials/ShadedLevelColorationUnlitMateri.uasset" 207
"../../../Engine/Content/EngineDebugMaterials/VertexColorMaterial.uasset" 208
"../../../Engine/Content/EngineDebugMaterials/VertexColorViewMode_AlphaAsColor.uasset" 209
"../../../Engine/Content/EngineDebugMaterials/VertexColorViewMode_BlueOnly.uasset" 210
"../../../Engine/Content/EngineDebugMaterials/VertexColorViewMode_ColorOnly.uasset" 211
"../../../Engine/Content/EngineDebugMaterials/VertexColorViewMode_GreenOnly.uasset" 212
"../../../Engine/Content/EngineDebugMaterials/VertexColorViewMode_RedOnly.uasset" 213
"../../../Engine/Content/EngineDebugMaterials/WireframeMaterial.uasset" 214
"../../../Engine/Content/EngineFonts/Roboto.uasset" 215
"../../../Engine/Content/EngineFonts/RobotoTiny.uasset" 216
"../../../Engine/Content/EngineFonts/SmallFont.uasset" 217
"../../../Engine/Content/EngineFonts/TinyFont.uasset" 218
"../../../Engine/Content/EngineResources/WhiteSquareTexture.uasset" 219
"../../../Engine/Content/EngineMaterials/BlinkingCaret.uasset" 220
"../../../Engine/Content/EngineMaterials/DefaultBokeh.uasset" 221
"../../../Engine/Content/EngineMaterials/DefaultDiffuse.uasset" 222
"../../../Engine/Content/EngineMaterials/DefaultDeferredDecalMaterial.uasset" 223
"../../../Engine/Content/EngineMaterials/DefaultLightFunctionMaterial.uasset" 224
"../../../Engine/Content/EngineMaterials/DefaultNormal.uasset" 225
"../../../Engine/Content/EngineMaterials/DefaultPostProcessMaterial.uasset" 226
"../../../Engine/Content/EngineFonts/RobotoDistanceField.uasset" 227
"../../../Engine/Content/EngineMaterials/DefaultTextMaterialOpaque.uasset" 228
"../../../Engine/Content/EngineMaterials/EditorBrushMaterial.uasset" 229
"../../../Engine/Content/EngineMaterials/Good64x64TilingNoiseHighFreq.uasset" 230
"../../../Engine/Content/EngineMaterials/Grid_N.uasset" 231
"../../../Engine/Content/EngineMaterials/HighResolutionScreenshotMaskFunction.uasset" 232
"../../../Engine/Content/EngineMaterials/HighResScreenshot.uasset" 233
"../../../Engine/Content/EngineMaterials/HighResScreenshotCaptureRegion.uasset" 234
"../../../Engine/Content/EngineMaterials/HighResScreenshotMask.uasset" 235
"../../../Engine/Content/EngineMaterials/LandscapeHolePhysicalMaterial.uasset" 236
"../../../Engine/Content/EngineMaterials/InvalidLightmapSettings.uasset" 237
"../../../Engine/Content/EngineMaterials/M_InvalidLightmapSettings.uasset" 238
"../../../Engine/Content/EngineMaterials/PaperDiffuse.uasset" 239
"../../../Engine/Content/EngineMaterials/PaperNormal.uasset" 240
"../../../Engine/Content/EngineMaterials/PhAT_JointLimitMaterial.uasset" 241
"../../../Engine/Content/EngineMaterials/PhysMat_Rubber.uasset" 242
"../../../Engine/Content/EngineMaterials/PreintegratedSkinBRDF.uasset" 243
"../../../Engine/Content/EngineMaterials/RemoveSurfaceMaterial.uasset" 244
"../../../Engine/Content/EngineMaterials/WeightMapPlaceholderTexture.uasset" 245
"../../../Engine/Content/EngineMaterials/Widget3DPassThrough.uasset" 246
"../../../Engine/Content/EngineMaterials/Widget3DPassThrough_Masked.uasset" 247
"../../../Engine/Content/EngineMaterials/Widget3DPassThrough_Opaque.uasset" 248
"../../../Engine/Content/EngineMaterials/Widget3DPassThrough_Masked_OneSided.uasset" 249
"../../../Engine/Content/EngineMaterials/Widget3DPassThrough_Opaque_OneSided.uasset" 250
"../../../Engine/Content/EngineMaterials/Widget3DPassThrough_Translucent.uasset" 251
"../../../Engine/Content/EngineMaterials/Widget3DPassThrough_Translucent_OneSided.uasset" 252
"../../../Engine/Content/EngineMeshes/Cylinder.uasset" 253
"../../../Engine/Content/EngineMeshes/Sphere.uasset" 254
"../../../Engine/Content/EngineResources/AICON-Green.uasset" 255
"../../../Engine/Content/EngineResources/AICON-Red.uasset" 256
"../../../Engine/Content/EngineResources/Black.uasset" 257
"../../../Engine/Content/EngineResources/DefaultTexture.uasset" 258
"../../../Engine/Content/EngineResources/DefaultTextureCube.uasset" 259
"../../../Engine/Content/EngineResources/GradientTexture0.uasset" 260
"../../../Engine/Content/EngineResources/StreamingPauseIcon.uasset" 261
"../../../Engine/Content/EngineResources/M_StreamingPause.uasset" 262
"../../../Engine/Content/EngineSounds/Master.uasset" 263
"../../../Engine/Content/EngineSounds/MasterSubmix.uasset" 264
"../../../Engine/Content/EngineTireTypes/DefaultTireType.uasset" 265
"../../../Engine/Content/Functions/Engine_MaterialFunctions01/Shading/PowerToRoughness.uasset" 266
"../../../Engine/Content/Maps/Templates/Thumbnails/Default.uasset" 267
"../../../Engine/Content/Maps/Templates/Thumbnails/VR-Basic.uasset" 268
"../../../Engine/Content/MapTemplates/Sky/DaylightAmbientCubemap.uasset" 269
"../../../Engine/Content/MobileResources/T_MobileControls_texture.uasset" 270
"../../../Engine/Content/MobileResources/T_MobileMenu2.uasset" 271
"../../../Engine/Content/MobileResources/HUD/AnalogHat.uasset" 272
"../../../Engine/Content/MobileResources/HUD/VirtualJoystick_Background.uasset" 273
"../../../Engine/Content/MobileResources/HUD/VirtualJoystick_Thumb.uasset" 274
"../../../Engine/Content/MobileResources/HUD/DefaultVirtualJoysticks.uasset" 275
"../../../Engine/Content/MobileResources/HUD/LeftVirtualJoystickOnly.uasset" 276
"../../../Engine/Content/MobileResources/HUD/MobileHUDButton1_off.uasset" 277
"../../../Engine/Content/MobileResources/HUD/MobileHUDButton1_on.uasset" 278
"../../../Engine/Content/MobileResources/HUD/MobileHUDButton2_off.uasset" 279
"../../../Engine/Content/MobileResources/HUD/MobileHUDButton2_on.uasset" 280
"../../../Engine/Content/MobileResources/HUD/MobileHUDButton3.uasset" 281
"../../../Engine/Content/MobileResources/HUD/MobileHUDButtonFire.uasset" 282
"../../../Engine/Content/MobileResources/HUD/MobileHUDDirectionPad.uasset" 283
"../../../Engine/Content/MobileResources/HUD/MobileHUDDirectionPad2.uasset" 284
"../../../Engine/Content/MobileResources/HUD/MobileHUDDirectionPad3.uasset" 285
"../../../Engine/Content/MobileResources/HUD/MobileHUDDirectionStick.uasset" 286
"../../../Engine/Content/MobileResources/HUD/T_Castle_ThumbstickInner.uasset" 287
"../../../Engine/Content/MobileResources/HUD/T_Castle_ThumbstickOutter.uasset" 288
"../../../Engine/Content/Tutorial/ContentIntroCurve.uasset" 289
"../../../Engine/Content/Tutorial/Basics/LevelEditorAttract.uasset" 290
"../../../Engine/Content/Tutorial/Basics/TutorialAssets/icon_tab_Levels_40x.uasset" 291
"../../../Engine/Content/Tutorial/Basics/LevelEditorOverview.uasset" 292
"../../../Engine/Content/Tutorial/BlueprintTutorials/TutorialAssets/Blueprint_64x.uasset" 293
"../../../Engine/Content/Tutorial/BlueprintTutorials/BlueprintEditorTutorial.uasset" 294
"../../../Engine/Content/Tutorial/BlueprintTutorials/TutorialAssets/BlueprintInterface_64x.uasset" 295
"../../../Engine/Content/Tutorial/BlueprintTutorials/BlueprintInterfacesEditorOverview.uasset" 296
"../../../Engine/Content/Tutorial/BlueprintTutorials/TutorialAssets/BlueprintMacroLibrary_64x.uasset" 297
"../../../Engine/Content/Tutorial/BlueprintTutorials/BlueprintMacroLibrariesEditorOverview.uasset" 298
"../../../Engine/Content/Tutorial/BlueprintTutorials/LevelBlueprintEditorOverview.uasset" 299
"../../../Engine/Content/Tutorial/Foliage/TutorialAssets/Foliage.uasset" 300
"../../../Engine/Content/Tutorial/Foliage/Foliage_Intro_Tutorial.uasset" 301
"../../../Engine/Content/Tutorial/Paper2D/TutorialAssets/Paper2DFlipbook_TutorialIcon.uasset" 302
"../../../Engine/Content/Tutorial/Paper2D/FlipbookEditorTutorial.uasset" 303
"../../../Engine/Content/Tutorial/Paper2D/TutorialAssets/Paper2DSprite_TutorialIcon.uasset" 304
"../../../Engine/Content/Tutorial/Paper2D/SpriteEditorTutorial.uasset" 305
"../../../Engine/Content/Tutorial/SubEditors/DestructibleMeshEditorTutorial.uasset" 306
"../../../Engine/Content/Tutorial/SubEditors/MaterialEditorTutorial.uasset" 307
"../../../Engine/Content/Tutorial/SubEditors/ParticleSystemEditorTutorial.uasset" 308
"../../../Engine/Content/Tutorial/SubEditors/TutorialAssets/icon_ShowSkeletalMeshes_40x.uasset" 309
"../../../Engine/Content/Tutorial/SubEditors/PersonaAnimEditorWalkthrough.uasset" 310
"../../../Engine/Content/Tutorial/SubEditors/StaticMeshEditorTutorial.uasset" 311
"../../../Engine/Content/Tutorial/SubEditors/TutorialAssets/icon_Editor_Preferences_General_40x.uasset" 312
"../../../Engine/Content/VREditor/Devices/Generic/GenericHMDMaterial.uasset" 313
"../../../Engine/Content/VREditor/Devices/Generic/GenericHMD.uasset" 314
"../../../Engine/Content/VREditor/FloatingText/LineMaterial.uasset" 315
"../../../Engine/Content/VREditor/FloatingText/JointSphere.uasset" 316
"../../../Engine/Content/VREditor/FloatingText/LineSegmentCylinder.uasset" 317
"../../../Engine/Content/VREditor/Fonts/VRText_RobotoLarge.uasset" 318
"../../../Engine/Content/VREditor/Fonts/VRTextMaterial.uasset" 319
"../../../Engine/Content/VREditor/Fonts/TranslucentVRTextMaterial.uasset" 320
"../../../Engine/Content/VREditor/LaserPointer/VR_LaserPower_01.uasset" 321
"../../../Engine/Content/VREditor/LaserPointer/LaserPointerMaterial.uasset" 322
"../../../Engine/Content/VREditor/LaserPointer/LaserPointerMaterialInst.uasset" 323
"../../../Engine/Content/VREditor/LaserPointer/TranslucentLaserPointerMaterialInst.uasset" 324
"../../../Engine/Content/VREditor/LaserPointer/LaserPointerMesh.uasset" 325
"../../../Engine/Content/VREditor/Sounds/VR_grab_Cue.uasset" 326
"../../../Engine/Content/VREditor/Sounds/VR_teleport_Cue.uasset" 327
"../../../Engine/Content/VREditor/TransformGizmo/TransformGizmoMaterial.uasset" 328
"../../../Engine/Content/VREditor/TransformGizmo/TranslucentTransformGizmoMaterial.uasset" 329
"../../../Engine/Content/VREditor/TransformGizmo/BoundingBoxCorner.uasset" 330
"../../../Engine/Content/VREditor/TransformGizmo/BoundingBoxEdge.uasset" 331
"../../../Engine/Content/VREditor/TransformGizmo/PlaneTranslationHandle.uasset" 332
"../../../Engine/Content/VREditor/TransformGizmo/RotationHandle.uasset" 333
"../../../Engine/Content/VREditor/TransformGizmo/RotationHandleFull.uasset" 334
"../../../Engine/Content/VREditor/TransformGizmo/StretchingHandle.uasset" 335
"../../../Engine/Content/VREditor/TransformGizmo/TranslateHandleLong.uasset" 336
"../../../Engine/Content/VREditor/TransformGizmo/TranslationHandle.uasset" 337
"../../../Engine/Content/VREditor/TransformGizmo/UniformScaleHandle.uasset" 338
"../../../Engine/Content/VREditor/Tutorial/UMG/Specialized/AnimsForHands.uasset" 339
"../../../Engine/Content/VREditor/UI/CloseButtonMesh.uasset" 340
"../../../Engine/Content/VREditor/UI/SelectionBarMesh.uasset" 341
"../../../Engine/Content/Functions/Engine_MaterialFunctions01/Gradient/RadialGradient.uasset" 342
"../../../Engine/Content/VREditor/WorldMovementGrid/SimpleGrid.uasset" 343
"../../../Engine/Content/VREditor/WorldMovementGrid/GridMaterial.uasset" 344
"../../../Engine/Content/Functions/Engine_MaterialFunctions01/Density/ExponentialDensity.uasset" 345
"../../../Engine/Content/VREditor/WorldMovementGrid/GridPostProcess.uasset" 346
"../../../Engine/Content/EditorLandscapeResources/FlattenHeightMat.uasset" 347
"../../../Engine/Content/VREditor/WorldMovementGrid/PlaneMesh.uasset" 348
"../../../Immaterial170/Content/Maps/Immaterial_Sneaky_2_Cue_2.uasset" 349
"../../../Immaterial170/Content/Maps/Immaterial_Sneaky_3.uasset" 350
"../../../Immaterial170/Content/Testing/Materials/defaultMat_2.uasset" 351
"../../../Immaterial170/Content/Testing/Materials/Matt-Blue.uasset" 352
"../../../Immaterial170/Content/VirtualRealityBP/Blueprints/Interactable/PickupActorInterface.uasset" 353
"../../../Immaterial170/Content/VirtualReality/Mannequin/Character/Mesh/MannequinHand_Right_Skeleton.uasset" 354
"../../../Immaterial170/Content/VirtualReality/Mannequin/Animations/MannequinHand_Right_CanGrab.uasset" 355
"../../../Immaterial170/Content/VirtualReality/Mannequin/Animations/MannequinHand_Right_Grab.uasset" 356
"../../../Immaterial170/Content/VirtualReality/Mannequin/Animations/MannequinHand_Right_Open.uasset" 357
"../../../Immaterial170/Content/VirtualReality/Mannequin/Animations/RightGrip_BS.uasset" 358
"../../../Immaterial170/Content/VirtualRealityBP/Blueprints/Interactable/GripEnum.uasset" 359
"../../../Immaterial170/Content/VirtualReality/Mannequin/Animations/RightHand_AnimBP.uasset" 360
"../../../Immaterial170/Content/VirtualReality/Mannequin/Character/Textures/UE4_Mannequin__normals.uasset" 361
"../../../Immaterial170/Content/VirtualReality/Mannequin/Character/Textures/UE4_Mannequin_MAT_MASKA.uasset" 362
"../../../Immaterial170/Content/VirtualReality/Mannequin/Character/Materials/M_HandMat.uasset" 363
"../../../Immaterial170/Content/VirtualReality/Mannequin/Character/Mesh/MannequinHand_Right_PhysicsAsset.uasset" 364
"../../../Immaterial170/Content/VirtualReality/Mannequin/Character/Mesh/MannequinHand_Right.uasset" 365
"../../../Immaterial170/Content/VirtualRealityBP/Blueprints/Player/BP_MotionController.uasset" 366
"../../../Immaterial170/Content/StarterContent/Textures/T_MacroVariation.uasset" 367
"../../../Immaterial170/Content/StarterContent/Textures/T_Metal_Gold_D.uasset" 368
"../../../Immaterial170/Content/StarterContent/Textures/T_Metal_Gold_N.uasset" 369
"../../../Immaterial170/Content/StarterContent/Materials/M_Metal_Gold.uasset" 370
"../../../Engine/Content/BasicShapes/Cube.uasset" 371
"../../../Immaterial170/Content/Maps/FloorPlateMap/MutedMetalImpact_Cue.uasset" 372
"../../../Immaterial170/Content/VirtualRealityBP/Blueprints/Interactable/Gold_move.uasset" 373
"../../../Engine/Plugins/2D/Paper2D/Content/DummySprite.uasset" 374
"../../../Engine/Plugins/2D/Paper2D/Content/DefaultPaperTerrainMaterial.uasset" 375
"../../../Engine/Plugins/2D/Paper2D/Content/DefaultSpriteMaterial.uasset" 376
"../../../Engine/Plugins/2D/Paper2D/Content/MaskedUnlitSpriteMaterial.uasset" 377
"../../../Engine/Plugins/2D/Paper2D/Content/OpaqueUnlitSpriteMaterial.uasset" 378
"../../../Engine/Plugins/2D/Paper2D/Content/PlaceholderTextures/DummySpriteTexture.uasset" 379
"../../../Immaterial170/Content/Testing/Materials/defaultMat_3.uasset" 380
"../../../Immaterial170/Content/Materials/mpc_Distances.uasset" 381
"../../../Immaterial170/Content/StarterContent/Particles/Materials/m_flare_01.uasset" 382
"../../../Immaterial170/Content/Particles/PS_Portal.uasset" 383
"../../../Immaterial170/Content/StarterContent/Materials/M_Basic_Wall.uasset" 384
"../../../Immaterial170/Content/StarterContent/Shapes/Shape_Sphere.uasset" 385
"../../../Immaterial170/Content/VirtualRealityBP/Blueprints/Interactable/BP_LevelStreamer.uasset" 386
"../../../Immaterial170/Content/StarterContent/Textures/T_Brick_Clay_Beveled_N.uasset" 387
"../../../Immaterial170/Content/StarterContent/Textures/T_Brick_Clay_New_D.uasset" 388
"../../../Immaterial170/Content/Materials/Mat_Depth_Tex.uasset" 389
"../../../Immaterial170/Content/Materials/MAT_DepthEffect.uasset" 390
"../../../Immaterial170/Content/StarterContent/Textures/T_Wood_Floor_Walnut_D.uasset" 391
"../../../Immaterial170/Content/StarterContent/Textures/T_Wood_Floor_Walnut_N.uasset" 392
"../../../Immaterial170/Content/StarterContent/Textures/T_Wood_Walnut_D.uasset" 393
"../../../Immaterial170/Content/Materials/Mat_Inst_DepthB_Floor.uasset" 394
"../../../Immaterial170/Content/Maps/FloorPlateMap/level1_limbo.umap" 395
"../../../Immaterial170/Content/StarterContent/Textures/T_Metal_Steel_D.uasset" 396
"../../../Immaterial170/Content/StarterContent/Textures/T_Metal_Steel_N.uasset" 397
"../../../Immaterial170/Content/StarterContent/Materials/M_Metal_Steel.uasset" 398
"../../../Immaterial170/Content/StarterContent/Textures/T_Tech_Hex_Tile_M.uasset" 399
"../../../Immaterial170/Content/StarterContent/Textures/T_Tech_Hex_Tile_N.uasset" 400
"../../../Immaterial170/Content/StarterContent/Materials/M_Tech_Hex_Tile.uasset" 401
"../../../Immaterial170/Content/Materials/Mat_Depth_Metal.uasset" 402
"../../../Engine/Content/ArtTools/RenderToTexture/Textures/127grey.uasset" 403
"../../../Immaterial170/Content/StarterContent/Textures/T_Metal_Aluminum_D.uasset" 404
"../../../Immaterial170/Content/Materials/Mat_Depth_Metal_Chrome.uasset" 405
"../../../Immaterial170/Content/Maps/BridgeMap/tempbridge.uasset" 406
"../../../Immaterial170/Content/Maps/BridgeMap/tempbridge_DM.uasset" 407
"../../../Immaterial170/Content/Maps/BridgeMap/tempbridge_support.uasset" 408
"../../../Immaterial170/Content/Maps/BridgeMap/tempbridge_support_DM.uasset" 409
"../../../Immaterial170/Content/Maps/BridgeMap/SEQ_bridge.uasset" 410
"../../../Immaterial170/Content/StarterContent/Textures/T_Ceramic_Tile_M.uasset" 411
"../../../Immaterial170/Content/StarterContent/Textures/T_Ceramic_Tile_N.uasset" 412
"../../../Immaterial170/Content/StarterContent/Textures/T_Rock_Marble_Polished_D.uasset" 413
"../../../Immaterial170/Content/Materials/Mat_Depth_Tiles.uasset" 414
"../../../Immaterial170/Content/Materials/tex_stripe.uasset" 415
"../../../Immaterial170/Content/Materials/Mat_Depth_Ceramic_Tile_Stripes.uasset" 416
"../../../Immaterial170/Content/Maps/BridgeMap/temp_bridgetower.uasset" 417
"../../../Immaterial170/Content/StarterContent/Materials/M_Basic_Floor.uasset" 418
"../../../Immaterial170/Content/StarterContent/Architecture/Floor_400x400.uasset" 419
"../../../Immaterial170/Content/Maps/BridgeMap/level4_bridge.umap" 420
"../../../Immaterial170/Content/StarterContent/Materials/M_Tech_Hex_Tile_Pulse.uasset" 421
"../../../Immaterial170/Content/Geometry/Meshes/CubeMaterial.uasset" 422
"../../../Immaterial170/Content/Geometry/Meshes/1M_Cube.uasset" 423
"../../../Immaterial170/Content/Maps/ElevatorMap/SmallOpen_Cue.uasset" 424
"../../../Immaterial170/Content/VirtualRealityBP/Blueprints/Interactable/BP_Button.uasset" 425
"../../../Immaterial170/Content/Testing/Objects/defaultMat.uasset" 426
"../../../Immaterial170/Content/Materials/Mat_Depth_Color.uasset" 427
"../../../Immaterial170/Content/Maps/FloorPlateMap/grey_depth.uasset" 428
"../../../Immaterial170/Content/StarterContent/Materials/M_AssetPlatform.uasset" 429
"../../../Immaterial170/Content/StarterContent/Materials/M_Ceramic_Tile_Checker.uasset" 430
"../../../Immaterial170/Content/StarterContent/Textures/T_Concrete_Tiles_D.uasset" 431
"../../../Immaterial170/Content/StarterContent/Textures/T_Concrete_Tiles_M.uasset" 432
"../../../Immaterial170/Content/StarterContent/Textures/T_Concrete_Tiles_N.uasset" 433
"../../../Immaterial170/Content/StarterContent/Textures/T_Concrete_Tiles_Variation_M.uasset" 434
"../../../Immaterial170/Content/StarterContent/Materials/M_Concrete_Tiles.uasset" 435
"../../../Immaterial170/Content/Geometry/Meshes/Elevator_Temp.uasset" 436
"../../../Immaterial170/Content/Maps/ElevatorMap/Box_Brush25_StaticMesh.uasset" 437
"../../../Immaterial170/Content/Maps/ElevatorMap/level0_elevator.umap" 438
"../../../Immaterial170/Content/Maps/ElevatorMap/level0_limbo.umap" 439
"../../../Immaterial170/Content/VirtualRealityBP/Blueprints/Interactable/BP_Gold.uasset" 440
"../../../Immaterial170/Content/StarterContent/Textures/T_Shelf_M.uasset" 441
"../../../Immaterial170/Content/StarterContent/Textures/T_Shelf_N.uasset" 442
"../../../Immaterial170/Content/StarterContent/Props/Materials/M_Shelf.uasset" 443
"../../../Immaterial170/Content/VirtualRealityBP/Blueprints/Interactable/GoldBox.uasset" 444
"../../../Immaterial170/Content/VirtualRealityBP/Blueprints/Interactable/Pressure_plate_backup_2.uasset" 445
"../../../Immaterial170/Content/Maps/FloorPlateMap/brown2_depth.uasset" 446
"../../../Immaterial170/Content/StarterContent/Textures/T_Metal_Rust_D.uasset" 447
"../../../Immaterial170/Content/Maps/FloorPlateMap/plate_depth.uasset" 448
"../../../Immaterial170/Content/Maps/FloorPlateMap/white_depth.uasset" 449
"../../../Engine/Content/BasicShapes/Cylinder.uasset" 450
"../../../Immaterial170/Content/Maps/FloorPlateMap/PlaceHolderRoom.uasset" 451
"../../../Immaterial170/Content/StarterContent/Materials/M_Metal_Chrome.uasset" 452
"../../../Immaterial170/Content/Maps/FloorPlateMap/TempSafe.uasset" 453
"../../../Immaterial170/Content/Maps/FloorPlateMap/TempSafeDoor.uasset" 454
"../../../Immaterial170/Content/Testing/Objects/Desk_L-Shaped-Blue__1_Version_1_000.uasset" 455
"../../../Immaterial170/Content/Maps/FloorPlateMap/level1_floor_plate.umap" 456
"../../../Engine/Content/Maps/Entry.umap" 457
"../../../Engine/Content/EngineSky/C_Sky_Cloud_Color.uasset" 458
"../../../Engine/Content/EngineSky/C_Sky_Horizon_Color.uasset" 459
"../../../Engine/Content/EngineSky/C_Sky_Zenith_Color.uasset" 460
"../../../Engine/Content/EngineSky/T_Sky_Blue.uasset" 461
"../../../Engine/Content/EngineSky/T_Sky_Clouds_M.uasset" 462
"../../../Engine/Content/EngineSky/T_Sky_Stars.uasset" 463
"../../../Engine/Content/EngineSky/M_Sky_Panning_Clouds2.uasset" 464
"../../../Engine/Content/EngineSky/SM_SkySphere.uasset" 465
"../../../Engine/Content/EngineSky/BP_Sky_Sphere.uasset" 466
"../../../Immaterial170/Content/VirtualRealityBP/Blueprints/Debug/VRConsole.uasset" 467
"../../../Immaterial170/Content/VirtualRealityBP/Blueprints/Player/MotionControllerPawn.uasset" 468
"../../../Immaterial170/Content/VirtualRealityBP/Blueprints/Interactable/Platform.uasset" 469
"../../../Immaterial170/Content/Maps/GoldMoveMap/level3_Gold_Move.umap" 470
"../../../Immaterial170/Content/Maps/GoldMoveMap/level3_limbo.umap" 471
"../../../Immaterial170/Content/Maps/RaisedPlateMap/level2_limbo.umap" 472
"../../../Immaterial170/Content/Maps/FloorPlateMap/brown_depth.uasset" 473
"../../../Immaterial170/Content/Maps/RaisedPlateMap/level2_raised_plate.umap" 474
